Machine Results:
=================
Machine 1: Tokens required = 292
Machine 2: Tokens required = 59
Machine 3: Tokens required = 284
Machine 4: Tokens required = 326
Machine 5: Tokens required = 251
Machine 6: Tokens required = 70
Machine 13: Tokens required = 296
Machine 15: Tokens required = 90
Machine 17: Tokens required = 104
Machine 18: Tokens required = 147
Machine 20: Tokens required = 312
Machine 26: Tokens required = 217
Machine 29: Tokens required = 63
Machine 30: Tokens required = 95
Machine 35: Tokens required = 273
Machine 36: Tokens required = 23
Machine 37: Tokens required = 120
Machine 48: Tokens required = 201
Machine 49: Tokens required = 319
Machine 53: Tokens required = 150
Machine 61: Tokens required = 149
Machine 66: Tokens required = 222
Machine 69: Tokens required = 271
Machine 75: Tokens required = 158
Machine 76: Tokens required = 159
Machine 81: Tokens required = 294
Machine 82: Tokens required = 98
Machine 85: Tokens required = 141
Machine 89: Tokens required = 273
Machine 91: Tokens required = 245
Machine 100: Tokens required = 92
Machine 113: Tokens required = 184
Machine 115: Tokens required = 62
Machine 116: Tokens required = 240
Machine 118: Tokens required = 249
Machine 123: Tokens required = 290
Machine 127: Tokens required = 175
Machine 130: Tokens required = 183
Machine 132: Tokens required = 161
Machine 136: Tokens required = 270
Machine 138: Tokens required = 311
Machine 141: Tokens required = 276
Machine 152: Tokens required = 126
Machine 153: Tokens required = 113
Machine 156: Tokens required = 145
Machine 166: Tokens required = 122
Machine 167: Tokens required = 309
Machine 184: Tokens required = 199
Machine 187: Tokens required = 340
Machine 188: Tokens required = 220
Machine 214: Tokens required = 157
Machine 218: Tokens required = 204
Machine 220: Tokens required = 43
Machine 225: Tokens required = 159
Machine 229: Tokens required = 287
Machine 237: Tokens required = 290
Machine 238: Tokens required = 261
Machine 240: Tokens required = 167
Machine 241: Tokens required = 142
Machine 243: Tokens required = 169
Machine 244: Tokens required = 133
Machine 250: Tokens required = 44
Machine 252: Tokens required = 185
Machine 255: Tokens required = 273
Machine 256: Tokens required = 80
Machine 258: Tokens required = 131
Machine 261: Tokens required = 165
Machine 268: Tokens required = 275
Machine 271: Tokens required = 222
Machine 276: Tokens required = 332
Machine 279: Tokens required = 384
Machine 282: Tokens required = 291
Machine 294: Tokens required = 175
Machine 296: Tokens required = 265
Machine 298: Tokens required = 256
Machine 299: Tokens required = 361
Machine 301: Tokens required = 107
Machine 303: Tokens required = 248
Machine 304: Tokens required = 141
Machine 311: Tokens required = 329
Machine 312: Tokens required = 295
Machine 314: Tokens required = 139
Machine 319: Tokens required = 105

Summary:
=================
Total tokens required: 16584
Total number of prizes: 83
